<?xml version="1.0" encoding="UTF-8"?>
<testsuite xmlns:xsi="http://www.w3.org/2001/XMLSchema-instance" xsi:noNamespaceSchemaLocation="https://maven.apache.org/surefire/maven-surefire-plugin/xsd/surefire-test-report.xsd" name="es.grise.upm.profundizacion.mocking.exercise2.EngineControllerTest" time="2.478" tests="5" errors="3" skipped="0" failures="0">
  <properties>
    <property name="awt.toolkit" value="sun.awt.X11.XToolkit"/>
    <property name="java.specification.version" value="11"/>
    <property name="sun.cpu.isalist" value=""/>
    <property name="sun.jnu.encoding" value="UTF-8"/>
    <property name="java.class.path" value="/mnt/f/GitProjects/PROF-Mocking-Exercise-2/target/test-classes:/mnt/f/GitProjects/PROF-Mocking-Exercise-2/target/classes:/home/nekaso/.m2/repository/org/junit/jupiter/junit-jupiter-engine/5.10.0/junit-jupiter-engine-5.10.0.jar:/home/nekaso/.m2/repository/org/junit/platform/junit-platform-engine/1.10.0/junit-platform-engine-1.10.0.jar:/home/nekaso/.m2/repository/org/apiguardian/apiguardian-api/1.1.2/apiguardian-api-1.1.2.jar:/home/nekaso/.m2/repository/org/junit/jupiter/junit-jupiter-api/5.10.0/junit-jupiter-api-5.10.0.jar:/home/nekaso/.m2/repository/org/opentest4j/opentest4j/1.3.0/opentest4j-1.3.0.jar:/home/nekaso/.m2/repository/org/junit/platform/junit-platform-commons/1.10.0/junit-platform-commons-1.10.0.jar:/home/nekaso/.m2/repository/org/mockito/mockito-core/5.7.0/mockito-core-5.7.0.jar:/home/nekaso/.m2/repository/net/bytebuddy/byte-buddy/1.14.9/byte-buddy-1.14.9.jar:/home/nekaso/.m2/repository/net/bytebuddy/byte-buddy-agent/1.14.9/byte-buddy-agent-1.14.9.jar:/home/nekaso/.m2/repository/org/objenesis/objenesis/3.3/objenesis-3.3.jar:/home/nekaso/.m2/repository/org/mockito/mockito-junit-jupiter/5.7.0/mockito-junit-jupiter-5.7.0.jar:/home/nekaso/.m2/repository/org/hamcrest/hamcrest/2.2/hamcrest-2.2.jar:"/>
    <property name="java.vm.vendor" value="Ubuntu"/>
    <property name="sun.arch.data.model" value="64"/>
    <property name="java.vendor.url" value="https://ubuntu.com/"/>
    <property name="user.timezone" value=""/>
    <property name="java.vm.specification.version" value="11"/>
    <property name="os.name" value="Linux"/>
    <property name="sun.java.launcher" value="SUN_STANDARD"/>
    <property name="sun.boot.library.path" value="/usr/lib/jvm/java-11-openjdk-amd64/lib"/>
    <property name="sun.java.command" value="/mnt/f/GitProjects/PROF-Mocking-Exercise-2/target/surefire/surefirebooter7728957655581759392.jar /mnt/f/GitProjects/PROF-Mocking-Exercise-2/target/surefire 2024-11-24T14-17-35_320-jvmRun1 surefire5256376909706357728tmp surefire_07330639272407989419tmp"/>
    <property name="jdk.debug" value="release"/>
    <property name="surefire.test.class.path" value="/mnt/f/GitProjects/PROF-Mocking-Exercise-2/target/test-classes:/mnt/f/GitProjects/PROF-Mocking-Exercise-2/target/classes:/home/nekaso/.m2/repository/org/junit/jupiter/junit-jupiter-engine/5.10.0/junit-jupiter-engine-5.10.0.jar:/home/nekaso/.m2/repository/org/junit/platform/junit-platform-engine/1.10.0/junit-platform-engine-1.10.0.jar:/home/nekaso/.m2/repository/org/apiguardian/apiguardian-api/1.1.2/apiguardian-api-1.1.2.jar:/home/nekaso/.m2/repository/org/junit/jupiter/junit-jupiter-api/5.10.0/junit-jupiter-api-5.10.0.jar:/home/nekaso/.m2/repository/org/opentest4j/opentest4j/1.3.0/opentest4j-1.3.0.jar:/home/nekaso/.m2/repository/org/junit/platform/junit-platform-commons/1.10.0/junit-platform-commons-1.10.0.jar:/home/nekaso/.m2/repository/org/mockito/mockito-core/5.7.0/mockito-core-5.7.0.jar:/home/nekaso/.m2/repository/net/bytebuddy/byte-buddy/1.14.9/byte-buddy-1.14.9.jar:/home/nekaso/.m2/repository/net/bytebuddy/byte-buddy-agent/1.14.9/byte-buddy-agent-1.14.9.jar:/home/nekaso/.m2/repository/org/objenesis/objenesis/3.3/objenesis-3.3.jar:/home/nekaso/.m2/repository/org/mockito/mockito-junit-jupiter/5.7.0/mockito-junit-jupiter-5.7.0.jar:/home/nekaso/.m2/repository/org/hamcrest/hamcrest/2.2/hamcrest-2.2.jar:"/>
    <property name="sun.cpu.endian" value="little"/>
    <property name="user.home" value="/home/nekaso"/>
    <property name="user.language" value="en"/>
    <property name="java.specification.vendor" value="Oracle Corporation"/>
    <property name="java.version.date" value="2024-10-15"/>
    <property name="java.home" value="/usr/lib/jvm/java-11-openjdk-amd64"/>
    <property name="file.separator" value="/"/>
    <property name="basedir" value="/mnt/f/GitProjects/PROF-Mocking-Exercise-2"/>
    <property name="java.vm.compressedOopsMode" value="Zero based"/>
    <property name="line.separator" value="&#10;"/>
    <property name="java.specification.name" value="Java Platform API Specification"/>
    <property name="java.vm.specification.vendor" value="Oracle Corporation"/>
    <property name="java.awt.graphicsenv" value="sun.awt.X11GraphicsEnvironment"/>
    <property name="surefire.real.class.path" value="/mnt/f/GitProjects/PROF-Mocking-Exercise-2/target/surefire/surefirebooter7728957655581759392.jar"/>
    <property name="sun.management.compiler" value="HotSpot 64-Bit Tiered Compilers"/>
    <property name="java.runtime.version" value="11.0.25+9-post-Ubuntu-1ubuntu122.04"/>
    <property name="user.name" value="nekaso"/>
    <property name="path.separator" value=":"/>
    <property name="os.version" value="5.15.167.4-microsoft-standard-WSL2"/>
    <property name="java.runtime.name" value="OpenJDK Runtime Environment"/>
    <property name="file.encoding" value="UTF-8"/>
    <property name="java.vm.name" value="OpenJDK 64-Bit Server VM"/>
    <property name="localRepository" value="/home/nekaso/.m2/repository"/>
    <property name="java.vendor.url.bug" value="https://bugs.launchpad.net/ubuntu/+source/openjdk-lts"/>
    <property name="java.io.tmpdir" value="/tmp"/>
    <property name="java.version" value="11.0.25"/>
    <property name="user.dir" value="/mnt/f/GitProjects/PROF-Mocking-Exercise-2"/>
    <property name="os.arch" value="amd64"/>
    <property name="java.vm.specification.name" value="Java Virtual Machine Specification"/>
    <property name="java.awt.printerjob" value="sun.print.PSPrinterJob"/>
    <property name="sun.os.patch.level" value="unknown"/>
    <property name="java.library.path" value="/usr/java/packages/lib:/usr/lib/x86_64-linux-gnu/jni:/lib/x86_64-linux-gnu:/usr/lib/x86_64-linux-gnu:/usr/lib/jni:/lib:/usr/lib"/>
    <property name="java.vm.info" value="mixed mode, sharing"/>
    <property name="java.vendor" value="Ubuntu"/>
    <property name="java.vm.version" value="11.0.25+9-post-Ubuntu-1ubuntu122.04"/>
    <property name="java.specification.maintenance.version" value="3"/>
    <property name="sun.io.unicode.encoding" value="UnicodeLittle"/>
    <property name="java.class.version" value="55.0"/>
  </properties>
  <testcase name="testAdjustGearInvokesGetInstantaneousSpeedThreeTimes" classname="es.grise.upm.profundizacion.mocking.exercise2.EngineControllerTest" time="2.341">
    <error type="java.lang.NullPointerException">java.lang.NullPointerException
	at es.grise.upm.profundizacion.mocking.exercise2.EngineControllerTest.testAdjustGearInvokesGetInstantaneousSpeedThreeTimes(EngineControllerTest.java:56)
</error>
  </testcase>
  <testcase name="testRecordGearLogsCorrectMessage" classname="es.grise.upm.profundizacion.mocking.exercise2.EngineControllerTest" time="0.054"/>
  <testcase name="testGetInstantaneousSpeedCalculatesCorrectly" classname="es.grise.upm.profundizacion.mocking.exercise2.EngineControllerTest" time="0.009"/>
  <testcase name="testAdjustGearLogsNewGear" classname="es.grise.upm.profundizacion.mocking.exercise2.EngineControllerTest" time="0.004">
    <error type="java.lang.NullPointerException">java.lang.NullPointerException
	at es.grise.upm.profundizacion.mocking.exercise2.EngineControllerTest.testAdjustGearLogsNewGear(EngineControllerTest.java:65)
</error>
  </testcase>
  <testcase name="testAdjustGearSetsCorrectGear" classname="es.grise.upm.profundizacion.mocking.exercise2.EngineControllerTest" time="0.002">
    <error type="java.lang.NullPointerException">java.lang.NullPointerException
	at es.grise.upm.profundizacion.mocking.exercise2.EngineControllerTest.testAdjustGearSetsCorrectGear(EngineControllerTest.java:74)
</error>
  </testcase>
</testsuite>